This is pdfTeX, Version 3.1415926-2.5-1.40.14 (TeX Live 2013/TeX Live for SUSE Linux) (format=pdflatex 2013.11.21)  15 DEC 2015 20:23
entering extended mode
 restricted \write18 enabled.
 %&-line parsing enabled.
**AN_HH.tex
(./AN_HH.tex
LaTeX2e <2011/06/27>
Babel <3.9f> and hyphenation patterns for 78 languages loaded.
(/usr/share/texmf/tex/latex/base/article.cls
Document Class: article 2007/10/19 v1.4h Standard LaTeX document class
(/usr/share/texmf/tex/latex/base/size10.clo
File: size10.clo 2007/10/19 v1.4h Standard LaTeX file (size option)
)
\c@part=\count79
\c@section=\count80
\c@subsection=\count81
\c@subsubsection=\count82
\c@paragraph=\count83
\c@subparagraph=\count84
\c@figure=\count85
\c@table=\count86
\abovecaptionskip=\skip41
\belowcaptionskip=\skip42
\bibindent=\dimen102
)
(/usr/share/texmf/tex/latex/appendix/appendix.sty
Package: appendix 2009/09/02 v1.2b extra appendix facilities
\c@@pps=\count87
\c@@ppsavesec=\count88
\c@@ppsaveapp=\count89
)
(/usr/share/texmf/tex/latex/preprint/authblk.sty
Package: authblk 2001/02/27 1.3 (PWD)
\affilsep=\skip43
\@affilsep=\skip44
\c@Maxaffil=\count90
\c@authors=\count91
\c@affil=\count92
)
(/usr/share/texmf/tex/latex/geometry/geometry.sty
Package: geometry 2010/09/12 v5.6 Page Geometry

(/usr/share/texmf/tex/latex/graphics/keyval.sty
Package: keyval 1999/03/16 v1.13 key=value parser (DPC)
\KV@toks@=\toks14
)
(/usr/share/texmf/tex/generic/oberdiek/ifpdf.sty
Package: ifpdf 2011/01/30 v2.3 Provides the ifpdf switch (HO)
Package ifpdf Info: pdfTeX in PDF mode is detected.
)
(/usr/share/texmf/tex/generic/oberdiek/ifvtex.sty
Package: ifvtex 2010/03/01 v1.5 Detect VTeX and its facilities (HO)
Package ifvtex Info: VTeX not detected.
)
(/usr/share/texmf/tex/generic/ifxetex/ifxetex.sty
Package: ifxetex 2010/09/12 v0.6 Provides ifxetex conditional
)
\Gm@cnth=\count93
\Gm@cntv=\count94
\c@Gm@tempcnt=\count95
\Gm@bindingoffset=\dimen103
\Gm@wd@mp=\dimen104
\Gm@odd@mp=\dimen105
\Gm@even@mp=\dimen106
\Gm@layoutwidth=\dimen107
\Gm@layoutheight=\dimen108
\Gm@layouthoffset=\dimen109
\Gm@layoutvoffset=\dimen110
\Gm@dimlist=\toks15
)
(/usr/share/texmf/tex/latex/amsmath/amsmath.sty
Package: amsmath 2013/01/14 v2.14 AMS math features
\@mathmargin=\skip45

For additional information on amsmath, use the `?' option.
(/usr/share/texmf/tex/latex/amsmath/amstext.sty
Package: amstext 2000/06/29 v2.01

(/usr/share/texmf/tex/latex/amsmath/amsgen.sty
File: amsgen.sty 1999/11/30 v2.0
\@emptytoks=\toks16
\ex@=\dimen111
))
(/usr/share/texmf/tex/latex/amsmath/amsbsy.sty
Package: amsbsy 1999/11/29 v1.2d
\pmbraise@=\dimen112
)
(/usr/share/texmf/tex/latex/amsmath/amsopn.sty
Package: amsopn 1999/12/14 v2.01 operator names
)
\inf@bad=\count96
LaTeX Info: Redefining \frac on input line 210.
\uproot@=\count97
\leftroot@=\count98
LaTeX Info: Redefining \overline on input line 306.
\classnum@=\count99
\DOTSCASE@=\count100
LaTeX Info: Redefining \ldots on input line 378.
LaTeX Info: Redefining \dots on input line 381.
LaTeX Info: Redefining \cdots on input line 466.
\Mathstrutbox@=\box26
\strutbox@=\box27
\big@size=\dimen113
LaTeX Font Info:    Redeclaring font encoding OML on input line 566.
LaTeX Font Info:    Redeclaring font encoding OMS on input line 567.
\macc@depth=\count101
\c@MaxMatrixCols=\count102
\dotsspace@=\muskip10
\c@parentequation=\count103
\dspbrk@lvl=\count104
\tag@help=\toks17
\row@=\count105
\column@=\count106
\maxfields@=\count107
\andhelp@=\toks18
\eqnshift@=\dimen114
\alignsep@=\dimen115
\tagshift@=\dimen116
\tagwidth@=\dimen117
\totwidth@=\dimen118
\lineht@=\dimen119
\@envbody=\toks19
\multlinegap=\skip46
\multlinetaggap=\skip47
\mathdisplay@stack=\toks20
LaTeX Info: Redefining \[ on input line 2665.
LaTeX Info: Redefining \] on input line 2666.
)
(/usr/share/texmf/tex/latex/graphics/graphicx.sty
Package: graphicx 1999/02/16 v1.0f Enhanced LaTeX Graphics (DPC,SPQR)

(/usr/share/texmf/tex/latex/graphics/graphics.sty
Package: graphics 2009/02/05 v1.0o Standard LaTeX Graphics (DPC,SPQR)

(/usr/share/texmf/tex/latex/graphics/trig.sty
Package: trig 1999/03/16 v1.09 sin cos tan (DPC)
)
(/usr/share/texmf/tex/latex/latexconfig/graphics.cfg
File: graphics.cfg 2010/04/23 v1.9 graphics configuration of TeX Live
)
Package graphics Info: Driver file: pdftex.def on input line 91.

(/usr/share/texmf/tex/latex/pdftex-def/pdftex.def
File: pdftex.def 2011/05/27 v0.06d Graphics/color for pdfTeX

(/usr/share/texmf/tex/generic/oberdiek/infwarerr.sty
Package: infwarerr 2010/04/08 v1.3 Providing info/warning/error messages (HO)
)
(/usr/share/texmf/tex/generic/oberdiek/ltxcmds.sty
Package: ltxcmds 2011/11/09 v1.22 LaTeX kernel commands for general use (HO)
)
\Gread@gobject=\count108
))
\Gin@req@height=\dimen120
\Gin@req@width=\dimen121
)
(/usr/share/texmf/tex/latex/caption/caption.sty
Package: caption 2013/05/02 v3.3-89 Customizing captions (AR)

(/usr/share/texmf/tex/latex/caption/caption3.sty
Package: caption3 2013/05/02 v1.6-88 caption3 kernel (AR)
Package caption3 Info: TeX engine: e-TeX on input line 57.
\captionmargin=\dimen122
\captionmargin@=\dimen123
\captionwidth=\dimen124
\caption@tempdima=\dimen125
\caption@indent=\dimen126
\caption@parindent=\dimen127
\caption@hangindent=\dimen128
)
\c@ContinuedFloat=\count109
)
(/usr/share/texmf/tex/latex/caption/subcaption.sty
Package: subcaption 2013/02/03 v1.1-62 Sub-captions (AR)
\c@subfigure=\count110
\c@subtable=\count111
)
(/usr/share/texmf/tex/latex/hyperref/hyperref.sty
Package: hyperref 2012/11/06 v6.83m Hypertext links for LaTeX

(/usr/share/texmf/tex/generic/oberdiek/hobsub-hyperref.sty
Package: hobsub-hyperref 2012/05/28 v1.13 Bundle oberdiek, subset hyperref (HO)


(/usr/share/texmf/tex/generic/oberdiek/hobsub-generic.sty
Package: hobsub-generic 2012/05/28 v1.13 Bundle oberdiek, subset generic (HO)
Package: hobsub 2012/05/28 v1.13 Construct package bundles (HO)
Package hobsub Info: Skipping package `infwarerr' (already loaded).
Package hobsub Info: Skipping package `ltxcmds' (already loaded).
Package: ifluatex 2010/03/01 v1.3 Provides the ifluatex switch (HO)
Package ifluatex Info: LuaTeX not detected.
Package hobsub Info: Skipping package `ifvtex' (already loaded).
Package: intcalc 2007/09/27 v1.1 Expandable calculations with integers (HO)
Package hobsub Info: Skipping package `ifpdf' (already loaded).
Package: etexcmds 2011/02/16 v1.5 Avoid name clashes with e-TeX commands (HO)
Package etexcmds Info: Could not find \expanded.
(etexcmds)             That can mean that you are not using pdfTeX 1.50 or
(etexcmds)             that some package has redefined \expanded.
(etexcmds)             In the latter case, load this package earlier.
Package: kvsetkeys 2012/04/25 v1.16 Key value parser (HO)
Package: kvdefinekeys 2011/04/07 v1.3 Define keys (HO)
Package: pdftexcmds 2011/11/29 v0.20 Utility functions of pdfTeX for LuaTeX (HO
)
Package pdftexcmds Info: LuaTeX not detected.
Package pdftexcmds Info: \pdf@primitive is available.
Package pdftexcmds Info: \pdf@ifprimitive is available.
Package pdftexcmds Info: \pdfdraftmode found.
Package: pdfescape 2011/11/25 v1.13 Implements pdfTeX's escape features (HO)
Package: bigintcalc 2012/04/08 v1.3 Expandable calculations on big integers (HO
)
Package: bitset 2011/01/30 v1.1 Handle bit-vector datatype (HO)
Package: uniquecounter 2011/01/30 v1.2 Provide unlimited unique counter (HO)
)
Package hobsub Info: Skipping package `hobsub' (already loaded).
Package: letltxmacro 2010/09/02 v1.4 Let assignment for LaTeX macros (HO)
Package: hopatch 2012/05/28 v1.2 Wrapper for package hooks (HO)
Package: xcolor-patch 2011/01/30 xcolor patch
Package: atveryend 2011/06/30 v1.8 Hooks at the very end of document (HO)
Package atveryend Info: \enddocument detected (standard20110627).
Package: atbegshi 2011/10/05 v1.16 At begin shipout hook (HO)
Package: refcount 2011/10/16 v3.4 Data extraction from label references (HO)
Package: hycolor 2011/01/30 v1.7 Color options for hyperref/bookmark (HO)
)
(/usr/share/texmf/tex/latex/oberdiek/auxhook.sty
Package: auxhook 2011/03/04 v1.3 Hooks for auxiliary files (HO)
)
(/usr/share/texmf/tex/latex/oberdiek/kvoptions.sty
Package: kvoptions 2011/06/30 v3.11 Key value format for package options (HO)
)
\@linkdim=\dimen129
\Hy@linkcounter=\count112
\Hy@pagecounter=\count113

(/usr/share/texmf/tex/latex/hyperref/pd1enc.def
File: pd1enc.def 2012/11/06 v6.83m Hyperref: PDFDocEncoding definition (HO)
)
\Hy@SavedSpaceFactor=\count114

(/usr/share/texmf/tex/latex/latexconfig/hyperref.cfg
File: hyperref.cfg 2002/06/06 v1.2 hyperref configuration of TeXLive
)
Package hyperref Info: Hyper figures OFF on input line 4443.
Package hyperref Info: Link nesting OFF on input line 4448.
Package hyperref Info: Hyper index ON on input line 4451.
Package hyperref Info: Plain pages OFF on input line 4458.
Package hyperref Info: Backreferencing OFF on input line 4463.
Package hyperref Info: Implicit mode ON; LaTeX internals redefined.
Package hyperref Info: Bookmarks ON on input line 4688.
\c@Hy@tempcnt=\count115

(/usr/share/texmf/tex/latex/url/url.sty
\Urlmuskip=\muskip11
Package: url 2006/04/12  ver 3.3  Verb mode for urls, etc.
)
LaTeX Info: Redefining \url on input line 5041.
\XeTeXLinkMargin=\dimen130
\Fld@menulength=\count116
\Field@Width=\dimen131
\Fld@charsize=\dimen132
Package hyperref Info: Hyper figures OFF on input line 6295.
Package hyperref Info: Link nesting OFF on input line 6300.
Package hyperref Info: Hyper index ON on input line 6303.
Package hyperref Info: backreferencing OFF on input line 6310.
Package hyperref Info: Link coloring OFF on input line 6315.
Package hyperref Info: Link coloring with OCG OFF on input line 6320.
Package hyperref Info: PDF/A mode OFF on input line 6325.
LaTeX Info: Redefining \ref on input line 6365.
LaTeX Info: Redefining \pageref on input line 6369.
\Hy@abspage=\count117
\c@Item=\count118
\c@Hfootnote=\count119
)

Package hyperref Message: Driver (autodetected): hpdftex.

(/usr/share/texmf/tex/latex/hyperref/hpdftex.def
File: hpdftex.def 2012/11/06 v6.83m Hyperref driver for pdfTeX
\Fld@listcount=\count120
\c@bookmark@seq@number=\count121

(/usr/share/texmf/tex/latex/oberdiek/rerunfilecheck.sty
Package: rerunfilecheck 2011/04/15 v1.7 Rerun checks for auxiliary files (HO)
Package uniquecounter Info: New unique counter `rerunfilecheck' on input line 2
82.
)
\Hy@SectionHShift=\skip48
)
(/usr/share/texmf/tex/latex/cancel/cancel.sty
Package: cancel 2000/03/12 v2.1 Cancel math terms
) (./AN_HH.aux

LaTeX Warning: Label `multi' multiply defined.

)
\openout1 = `AN_HH.aux'.

LaTeX Font Info:    Checking defaults for OML/cmm/m/it on input line 51.
LaTeX Font Info:    ... okay on input line 51.
LaTeX Font Info:    Checking defaults for T1/cmr/m/n on input line 51.
LaTeX Font Info:    ... okay on input line 51.
LaTeX Font Info:    Checking defaults for OT1/cmr/m/n on input line 51.
LaTeX Font Info:    ... okay on input line 51.
LaTeX Font Info:    Checking defaults for OMS/cmsy/m/n on input line 51.
LaTeX Font Info:    ... okay on input line 51.
LaTeX Font Info:    Checking defaults for OMX/cmex/m/n on input line 51.
LaTeX Font Info:    ... okay on input line 51.
LaTeX Font Info:    Checking defaults for U/cmr/m/n on input line 51.
LaTeX Font Info:    ... okay on input line 51.
LaTeX Font Info:    Checking defaults for PD1/pdf/m/n on input line 51.
LaTeX Font Info:    ... okay on input line 51.

*geometry* driver: auto-detecting
*geometry* detected driver: pdftex
*geometry* verbose mode - [ preamble ] result:
* driver: pdftex
* paper: a4paper
* layout: <same size as paper>
* layoutoffset:(h,v)=(0.0pt,0.0pt)
* modes: 
* h-part:(L,W,R)=(68.28644pt, 460.935pt, 68.28644pt)
* v-part:(T,H,B)=(68.28644pt, 708.47397pt, 68.28644pt)
* \paperwidth=597.50787pt
* \paperheight=845.04684pt
* \textwidth=460.935pt
* \textheight=708.47397pt
* \oddsidemargin=-3.98355pt
* \evensidemargin=-3.98355pt
* \topmargin=-40.98355pt
* \headheight=12.0pt
* \headsep=25.0pt
* \topskip=10.0pt
* \footskip=30.0pt
* \marginparwidth=57.0pt
* \marginparsep=11.0pt
* \columnsep=10.0pt
* \skip\footins=9.0pt plus 4.0pt minus 2.0pt
* \hoffset=0.0pt
* \voffset=0.0pt
* \mag=1000
* \@twocolumnfalse
* \@twosidefalse
* \@mparswitchfalse
* \@reversemarginfalse
* (1in=72.27pt=25.4mm, 1cm=28.453pt)

(/usr/share/texmf/tex/context/base/supp-pdf.mkii
[Loading MPS to PDF converter (version 2006.09.02).]
\scratchcounter=\count122
\scratchdimen=\dimen133
\scratchbox=\box28
\nofMPsegments=\count123
\nofMParguments=\count124
\everyMPshowfont=\toks21
\MPscratchCnt=\count125
\MPscratchDim=\dimen134
\MPnumerator=\count126
\makeMPintoPDFobject=\count127
\everyMPtoPDFconversion=\toks22
) (/usr/share/texmf/tex/latex/oberdiek/epstopdf-base.sty
Package: epstopdf-base 2010/02/09 v2.5 Base part for package epstopdf

(/usr/share/texmf/tex/latex/oberdiek/grfext.sty
Package: grfext 2010/08/19 v1.1 Manage graphics extensions (HO)
)
Package grfext Info: Graphics extension search list:
(grfext)             [.png,.pdf,.jpg,.mps,.jpeg,.jbig2,.jb2,.PNG,.PDF,.JPG,.JPE
G,.JBIG2,.JB2,.eps]
(grfext)             \AppendGraphicsExtensions on input line 452.

(/usr/share/texmf/tex/latex/latexconfig/epstopdf-sys.cfg
File: epstopdf-sys.cfg 2010/07/13 v1.3 Configuration of (r)epstopdf for TeX Liv
e
))
Package caption Info: Begin \AtBeginDocument code.
Package caption Info: hyperref package is loaded.
Package caption Info: End \AtBeginDocument code.
\AtBeginShipoutBox=\box29
Package hyperref Info: Link coloring OFF on input line 51.

(/usr/share/texmf/tex/latex/hyperref/nameref.sty
Package: nameref 2012/10/27 v2.43 Cross-referencing by name of section

(/usr/share/texmf/tex/generic/oberdiek/gettitlestring.sty
Package: gettitlestring 2010/12/03 v1.4 Cleanup title references (HO)
)
\c@section@level=\count128
)
LaTeX Info: Redefining \ref on input line 51.
LaTeX Info: Redefining \pageref on input line 51.
LaTeX Info: Redefining \nameref on input line 51.
 (./AN_HH.out)
(./AN_HH.out)
\@outlinefile=\write3
\openout3 = `AN_HH.out'.

 <figs/M_bb_closest_stage1.png, id=16, 798.985pt x 574.145pt>
File: figs/M_bb_closest_stage1.png Graphic file (type png)

<use figs/M_bb_closest_stage1.png>
Package pdftex.def Info: figs/M_bb_closest_stage1.png used on input line 88.
(pdftex.def)             Requested size: 219.08612pt x 157.43042pt.

<figs/DeltaR_bb1_stage1.png, id=17, 798.985pt x 574.145pt>
File: figs/DeltaR_bb1_stage1.png Graphic file (type png)

<use figs/DeltaR_bb1_stage1.png>
Package pdftex.def Info: figs/DeltaR_bb1_stage1.png used on input line 94.
(pdftex.def)             Requested size: 219.08612pt x 157.43042pt.
 [1

{/var/lib/texmf/fonts/map/pdftex/updmap/pdftex.map} <./figs/M_bb_closest_stage1
.png> <./figs/DeltaR_bb1_stage1.png>]
<sketch/sketch_HH.png, id=46, 777.6252pt x 406.1574pt>
File: sketch/sketch_HH.png Graphic file (type png)

<use sketch/sketch_HH.png>
Package pdftex.def Info: sketch/sketch_HH.png used on input line 263.
(pdftex.def)             Requested size: 199.16928pt x 104.02428pt.

<sketch/sketch_tt.png, id=48, 729.927pt x 398.9304pt>
File: sketch/sketch_tt.png Graphic file (type png)

<use sketch/sketch_tt.png>
Package pdftex.def Info: sketch/sketch_tt.png used on input line 269.
(pdftex.def)             Requested size: 199.16928pt x 108.85095pt.
 <figs/Njets20.png, id=49, 798.985pt x 574.145pt>
File: figs/Njets20.png Graphic file (type png)

<use figs/Njets20.png>
Package pdftex.def Info: figs/Njets20.png used on input line 284.
(pdftex.def)             Requested size: 219.08612pt x 157.43042pt.
 <figs/Nbjets30.png, id=50, 798.985pt x 574.145pt>
File: figs/Nbjets30.png Graphic file (type png)

<use figs/Nbjets30.png>
Package pdftex.def Info: figs/Nbjets30.png used on input line 290.
(pdftex.def)             Requested size: 219.08612pt x 157.43042pt.
 <figs/leptonPt.png, id=51, 798.985pt x 574.145pt>
File: figs/leptonPt.png Graphic file (type png)

<use figs/leptonPt.png>
Package pdftex.def Info: figs/leptonPt.png used on input line 302.
(pdftex.def)             Requested size: 219.08612pt x 157.43042pt.
 <figs/MET.png, id=52, 798.985pt x 574.145pt>
File: figs/MET.png Graphic file (type png)

<use figs/MET.png>
Package pdftex.def Info: figs/MET.png used on input line 308.
(pdftex.def)             Requested size: 219.08612pt x 157.43042pt.


LaTeX Warning: `h' float specifier changed to `ht'.

<figs/jet1Pt.png, id=53, 798.985pt x 574.145pt>
File: figs/jet1Pt.png Graphic file (type png)
 <use figs/jet1Pt.png>
Package pdftex.def Info: figs/jet1Pt.png used on input line 362.
(pdftex.def)             Requested size: 219.08612pt x 157.43042pt.

<figs/jet2Pt.png, id=54, 798.985pt x 574.145pt>
File: figs/jet2Pt.png Graphic file (type png)
 <use figs/jet2Pt.png>
Package pdftex.def Info: figs/jet2Pt.png used on input line 368.
(pdftex.def)             Requested size: 219.08612pt x 157.43042pt.

Overfull \hbox (22.76184pt too wide) in paragraph at lines 358--371
[][] 
 []

<figs/bjet1Pt.png, id=55, 798.985pt x 574.145pt>
File: figs/bjet1Pt.png Graphic file (type png)
 <use figs/bjet1Pt.png>
Package pdftex.def Info: figs/bjet1Pt.png used on input line 377.
(pdftex.def)             Requested size: 219.08612pt x 157.43042pt.

<figs/bjet2Pt.png, id=56, 798.985pt x 574.145pt>
File: figs/bjet2Pt.png Graphic file (type png)
 <use figs/bjet2Pt.png>
Package pdftex.def Info: figs/bjet2Pt.png used on input line 383.
(pdftex.def)             Requested size: 219.08612pt x 157.43042pt.

Overfull \hbox (22.76184pt too wide) in paragraph at lines 373--387
[][]
 []


LaTeX Warning: `h' float specifier changed to `ht'.

<figs/Pt_bb.png, id=57, 798.985pt x 574.145pt>
File: figs/Pt_bb.png Graphic file (type png)
 <use figs/Pt_bb.png>
Package pdftex.def Info: figs/Pt_bb.png used on input line 401.
(pdftex.def)             Requested size: 219.08612pt x 157.43042pt.

<figs/Pt_bl.png, id=58, 798.985pt x 574.145pt>
File: figs/Pt_bl.png Graphic file (type png)
 <use figs/Pt_bl.png>
Package pdftex.def Info: figs/Pt_bl.png used on input line 407.
(pdftex.def)             Requested size: 219.08612pt x 157.43042pt.

Overfull \hbox (22.76184pt too wide) in paragraph at lines 397--410
[][] 
 []

<figs/Pt_j1l.png, id=59, 798.985pt x 574.145pt>
File: figs/Pt_j1l.png Graphic file (type png)
 <use figs/Pt_j1l.png>
Package pdftex.def Info: figs/Pt_j1l.png used on input line 416.
(pdftex.def)             Requested size: 219.08612pt x 157.43042pt.

<figs/DeltaPhi_j1lbb.png, id=60, 798.985pt x 574.145pt>
File: figs/DeltaPhi_j1lbb.png Graphic file (type png)

<use figs/DeltaPhi_j1lbb.png>
Package pdftex.def Info: figs/DeltaPhi_j1lbb.png used on input line 422.
(pdftex.def)             Requested size: 219.08612pt x 157.43042pt.

Overfull \hbox (22.76184pt too wide) in paragraph at lines 412--427
[][]
 []


LaTeX Warning: `h' float specifier changed to `ht'.

<figs/DeltaR_j1l.png, id=61, 798.985pt x 574.145pt>
File: figs/DeltaR_j1l.png Graphic file (type png)
 <use figs/DeltaR_j1l.png>
Package pdftex.def Info: figs/DeltaR_j1l.png used on input line 441.
(pdftex.def)             Requested size: 219.08612pt x 157.43042pt.

<figs/DeltaR_j2l.png, id=62, 798.985pt x 574.145pt>
File: figs/DeltaR_j2l.png Graphic file (type png)
 <use figs/DeltaR_j2l.png>
Package pdftex.def Info: figs/DeltaR_j2l.png used on input line 447.
(pdftex.def)             Requested size: 219.08612pt x 157.43042pt.

Overfull \hbox (22.76184pt too wide) in paragraph at lines 437--450
[][] 
 []

<figs/DeltaR_b1l.png, id=63, 798.985pt x 574.145pt>
File: figs/DeltaR_b1l.png Graphic file (type png)
 <use figs/DeltaR_b1l.png>
Package pdftex.def Info: figs/DeltaR_b1l.png used on input line 456.
(pdftex.def)             Requested size: 219.08612pt x 157.43042pt.

<figs/DeltaR_b2l.png, id=64, 798.985pt x 574.145pt>
File: figs/DeltaR_b2l.png Graphic file (type png)
 <use figs/DeltaR_b2l.png>
Package pdftex.def Info: figs/DeltaR_b2l.png used on input line 462.
(pdftex.def)             Requested size: 219.08612pt x 157.43042pt.

Overfull \hbox (22.76184pt too wide) in paragraph at lines 452--467
[][]
 []


LaTeX Warning: `h' float specifier changed to `ht'.

<figs/DeltaR_bb1.png, id=65, 798.985pt x 574.145pt>
File: figs/DeltaR_bb1.png Graphic file (type png)
 <use figs/DeltaR_bb1.png>
Package pdftex.def Info: figs/DeltaR_bb1.png used on input line 481.
(pdftex.def)             Requested size: 219.08612pt x 157.43042pt.

<figs/DeltaR_jj.png, id=66, 798.985pt x 574.145pt>
File: figs/DeltaR_jj.png Graphic file (type png)
 <use figs/DeltaR_jj.png>
Package pdftex.def Info: figs/DeltaR_jj.png used on input line 487.
(pdftex.def)             Requested size: 219.08612pt x 157.43042pt.

Overfull \hbox (22.76184pt too wide) in paragraph at lines 477--490
[][] 
 []

<figs/DeltaR_jjb.png, id=67, 798.985pt x 574.145pt>
File: figs/DeltaR_jjb.png Graphic file (type png)
 <use figs/DeltaR_jjb.png>
Package pdftex.def Info: figs/DeltaR_jjb.png used on input line 496.
(pdftex.def)             Requested size: 219.08612pt x 157.43042pt.

<figs/DeltaR_jjl.png, id=68, 798.985pt x 574.145pt>
File: figs/DeltaR_jjl.png Graphic file (type png)
 <use figs/DeltaR_jjl.png>
Package pdftex.def Info: figs/DeltaR_jjl.png used on input line 502.
(pdftex.def)             Requested size: 219.08612pt x 157.43042pt.

Overfull \hbox (22.76184pt too wide) in paragraph at lines 492--506
[][]
 []


LaTeX Warning: `h' float specifier changed to `ht'.

<figs/M_bb_closest.png, id=69, 798.985pt x 574.145pt>
File: figs/M_bb_closest.png Graphic file (type png)

<use figs/M_bb_closest.png>
Package pdftex.def Info: figs/M_bb_closest.png used on input line 520.
(pdftex.def)             Requested size: 219.08612pt x 157.43042pt.
 <figs/M_jjlnu.png, id=70, 798.985pt x 574.145pt>
File: figs/M_jjlnu.png Graphic file (type png)

<use figs/M_jjlnu.png>
Package pdftex.def Info: figs/M_jjlnu.png used on input line 526.
(pdftex.def)             Requested size: 219.08612pt x 157.43042pt.

Overfull \hbox (22.76184pt too wide) in paragraph at lines 516--529
[][] 
 []

<figs/M_blnu.png, id=71, 798.985pt x 574.145pt>
File: figs/M_blnu.png Graphic file (type png)
 <use figs/M_blnu.png>
Package pdftex.def Info: figs/M_blnu.png used on input line 535.
(pdftex.def)             Requested size: 219.08612pt x 157.43042pt.

<figs/M_jjb.png, id=72, 798.985pt x 574.145pt>
File: figs/M_jjb.png Graphic file (type png)
 <use figs/M_jjb.png>
Package pdftex.def Info: figs/M_jjb.png used on input line 541.
(pdftex.def)             Requested size: 219.08612pt x 157.43042pt.

Overfull \hbox (22.76184pt too wide) in paragraph at lines 531--546
[][]
 []


LaTeX Warning: `h' float specifier changed to `ht'.

<figs/M_bl.png, id=73, 798.985pt x 574.145pt>
File: figs/M_bl.png Graphic file (type png)
 <use figs/M_bl.png>
Package pdftex.def Info: figs/M_bl.png used on input line 561.
(pdftex.def)             Requested size: 219.08612pt x 157.43042pt.

<figs/M_j1l.png, id=74, 798.985pt x 574.145pt>
File: figs/M_j1l.png Graphic file (type png)
 <use figs/M_j1l.png>
Package pdftex.def Info: figs/M_j1l.png used on input line 567.
(pdftex.def)             Requested size: 219.08612pt x 157.43042pt.

Overfull \hbox (22.76184pt too wide) in paragraph at lines 557--570
[][] 
 []

<figs/MT_lnu.png, id=75, 798.985pt x 574.145pt>
File: figs/MT_lnu.png Graphic file (type png)
 <use figs/MT_lnu.png>
Package pdftex.def Info: figs/MT_lnu.png used on input line 582.
(pdftex.def)             Requested size: 219.08612pt x 157.43042pt.

Overfull \hbox (22.76184pt too wide) in paragraph at lines 572--587
[][]
 []


LaTeX Warning: `h' float specifier changed to `ht'.

<figs/BDTBoost1_everything4CleanUp.png, id=77, 798.985pt x 574.145pt>
File: figs/BDTBoost1_everything4CleanUp.png Graphic file (type png)

<use figs/BDTBoost1_everything4CleanUp.png>
Package pdftex.def Info: figs/BDTBoost1_everything4CleanUp.png used on input li
ne 599.
(pdftex.def)             Requested size: 219.08612pt x 157.43042pt.

<figs/BrejvsSeffs_everything4CleanUp_BDTBoost1.png, id=78, 798.985pt x 574.145p
t>
File: figs/BrejvsSeffs_everything4CleanUp_BDTBoost1.png Graphic file (type png)

 <use figs/BrejvsSeffs_everything4CleanUp_BDTBoost1.png>
Package pdftex.def Info: figs/BrejvsSeffs_everything4CleanUp_BDTBoost1.png used
 on input line 605.
(pdftex.def)             Requested size: 219.08612pt x 157.43042pt.


LaTeX Warning: `h' float specifier changed to `ht'.

[2 <./sketch/sketch_HH.png> <./sketch/sketch_tt.png> <./figs/Njets20.png> <./fi
gs/Nbjets30.png>]
Package atveryend Info: Empty hook `BeforeClearDocument' on input line 761.
 [3 <./figs/leptonPt.png> <./figs/MET.png>] [4 <./figs/jet1Pt.png> <./figs/jet2
Pt.png> <./figs/bjet1Pt.png> <./figs/bjet2Pt.png> <./figs/Pt_bb.png> <./figs/Pt
_bl.png> <./figs/Pt_j1l.png> <./figs/DeltaPhi_j1lbb.png>]
[5 <./figs/DeltaR_j1l.png> <./figs/DeltaR_j2l.png> <./figs/DeltaR_b1l.png> <./f
igs/DeltaR_b2l.png> <./figs/DeltaR_bb1.png> <./figs/DeltaR_jj.png> <./figs/Delt
aR_jjb.png> <./figs/DeltaR_jjl.png>] [6 <./figs/M_bb_closest.png> <./figs/M_jjl
nu.png> <./figs/M_blnu.png> <./figs/M_jjb.png>] [7 <./figs/M_bl.png> <./figs/M_
j1l.png> <./figs/MT_lnu.png> <./figs/BDTBoost1_everything4CleanUp.png> <./figs/
BrejvsSeffs_everything4CleanUp_BDTBoost1.png>]
Package atveryend Info: Empty hook `AfterLastShipout' on input line 761.
 (./AN_HH.aux)
Package atveryend Info: Executing hook `AtVeryEndDocument' on input line 761.
Package atveryend Info: Executing hook `AtEndAfterFileList' on input line 761.
Package rerunfilecheck Info: File `AN_HH.out' has not changed.
(rerunfilecheck)             Checksum: 4D1F112065399E011073C782F257C194;165.


LaTeX Warning: There were multiply-defined labels.

Package atveryend Info: Empty hook `AtVeryVeryEnd' on input line 761.
 ) 
Here is how much of TeX's memory you used:
 7578 strings out of 493315
 113326 string characters out of 6145892
 221249 words of memory out of 5000000
 10899 multiletter control sequences out of 15000+600000
 12071 words of font info for 43 fonts, out of 8000000 for 9000
 957 hyphenation exceptions out of 8191
 36i,17n,38p,605b,453s stack positions out of 5000i,500n,10000p,200000b,80000s
</usr/share/texmf/fonts/type1/public/amsfonts/cm/cmbx10.pfb></usr/share/texmf
/fonts/type1/public/amsfonts/cm/cmbx12.pfb></usr/share/texmf/fonts/type1/public
/amsfonts/cm/cmbx9.pfb></usr/share/texmf/fonts/type1/public/amsfonts/cm/cmcsc10
.pfb></usr/share/texmf/fonts/type1/public/amsfonts/cmextra/cmex9.pfb></usr/shar
e/texmf/fonts/type1/public/amsfonts/cm/cmmi10.pfb></usr/share/texmf/fonts/type1
/public/amsfonts/cm/cmmi12.pfb></usr/share/texmf/fonts/type1/public/amsfonts/cm
/cmmi5.pfb></usr/share/texmf/fonts/type1/public/amsfonts/cm/cmmi6.pfb></usr/sha
re/texmf/fonts/type1/public/amsfonts/cm/cmmi7.pfb></usr/share/texmf/fonts/type1
/public/amsfonts/cm/cmmi9.pfb></usr/share/texmf/fonts/type1/public/amsfonts/cm/
cmr10.pfb></usr/share/texmf/fonts/type1/public/amsfonts/cm/cmr12.pfb></usr/shar
e/texmf/fonts/type1/public/amsfonts/cm/cmr17.pfb></usr/share/texmf/fonts/type1/
public/amsfonts/cm/cmr5.pfb></usr/share/texmf/fonts/type1/public/amsfonts/cm/cm
r6.pfb></usr/share/texmf/fonts/type1/public/amsfonts/cm/cmr7.pfb></usr/share/te
xmf/fonts/type1/public/amsfonts/cm/cmr9.pfb></usr/share/texmf/fonts/type1/publi
c/amsfonts/cm/cmsy10.pfb></usr/share/texmf/fonts/type1/public/amsfonts/cm/cmsy6
.pfb></usr/share/texmf/fonts/type1/public/amsfonts/cm/cmsy9.pfb></usr/share/tex
mf/fonts/type1/public/amsfonts/cm/cmti10.pfb></usr/share/texmf/fonts/type1/publ
ic/amsfonts/cm/cmti7.pfb></usr/share/texmf/fonts/type1/public/amsfonts/cm/cmti9
.pfb></usr/share/texmf/fonts/type1/public/amsfonts/cm/cmtt9.pfb></usr/share/tex
mf/fonts/type1/public/amsfonts/latxfont/line10.pfb>
Output written on AN_HH.pdf (7 pages, 802894 bytes).
PDF statistics:
 234 PDF objects out of 1000 (max. 8388607)
 162 compressed objects within 2 object streams
 31 named destinations out of 1000 (max. 500000)
 190 words of extra memory for PDF output out of 10000 (max. 10000000)

