This is pdfTeX, Version 3.1415926-2.5-1.40.14 (TeX Live 2013/TeX Live for SUSE Linux) (format=pdflatex 2013.11.21)  18 DEC 2015 18:31
entering extended mode
 restricted \write18 enabled.
 %&-line parsing enabled.
**Comparison_HH_semi_dilep.tex
(./Comparison_HH_semi_dilep.tex
LaTeX2e <2011/06/27>
Babel <3.9f> and hyphenation patterns for 78 languages loaded.
(/usr/share/texmf/tex/latex/base/article.cls
Document Class: article 2007/10/19 v1.4h Standard LaTeX document class
(/usr/share/texmf/tex/latex/base/size10.clo
File: size10.clo 2007/10/19 v1.4h Standard LaTeX file (size option)
)
\c@part=\count79
\c@section=\count80
\c@subsection=\count81
\c@subsubsection=\count82
\c@paragraph=\count83
\c@subparagraph=\count84
\c@figure=\count85
\c@table=\count86
\abovecaptionskip=\skip41
\belowcaptionskip=\skip42
\bibindent=\dimen102
)
(/usr/share/texmf/tex/latex/appendix/appendix.sty
Package: appendix 2009/09/02 v1.2b extra appendix facilities
\c@@pps=\count87
\c@@ppsavesec=\count88
\c@@ppsaveapp=\count89
)
(/usr/share/texmf/tex/latex/geometry/geometry.sty
Package: geometry 2010/09/12 v5.6 Page Geometry

(/usr/share/texmf/tex/latex/graphics/keyval.sty
Package: keyval 1999/03/16 v1.13 key=value parser (DPC)
\KV@toks@=\toks14
)
(/usr/share/texmf/tex/generic/oberdiek/ifpdf.sty
Package: ifpdf 2011/01/30 v2.3 Provides the ifpdf switch (HO)
Package ifpdf Info: pdfTeX in PDF mode is detected.
)
(/usr/share/texmf/tex/generic/oberdiek/ifvtex.sty
Package: ifvtex 2010/03/01 v1.5 Detect VTeX and its facilities (HO)
Package ifvtex Info: VTeX not detected.
)
(/usr/share/texmf/tex/generic/ifxetex/ifxetex.sty
Package: ifxetex 2010/09/12 v0.6 Provides ifxetex conditional
)
\Gm@cnth=\count90
\Gm@cntv=\count91
\c@Gm@tempcnt=\count92
\Gm@bindingoffset=\dimen103
\Gm@wd@mp=\dimen104
\Gm@odd@mp=\dimen105
\Gm@even@mp=\dimen106
\Gm@layoutwidth=\dimen107
\Gm@layoutheight=\dimen108
\Gm@layouthoffset=\dimen109
\Gm@layoutvoffset=\dimen110
\Gm@dimlist=\toks15
)
(/usr/share/texmf/tex/latex/amsmath/amsmath.sty
Package: amsmath 2013/01/14 v2.14 AMS math features
\@mathmargin=\skip43

For additional information on amsmath, use the `?' option.
(/usr/share/texmf/tex/latex/amsmath/amstext.sty
Package: amstext 2000/06/29 v2.01

(/usr/share/texmf/tex/latex/amsmath/amsgen.sty
File: amsgen.sty 1999/11/30 v2.0
\@emptytoks=\toks16
\ex@=\dimen111
))
(/usr/share/texmf/tex/latex/amsmath/amsbsy.sty
Package: amsbsy 1999/11/29 v1.2d
\pmbraise@=\dimen112
)
(/usr/share/texmf/tex/latex/amsmath/amsopn.sty
Package: amsopn 1999/12/14 v2.01 operator names
)
\inf@bad=\count93
LaTeX Info: Redefining \frac on input line 210.
\uproot@=\count94
\leftroot@=\count95
LaTeX Info: Redefining \overline on input line 306.
\classnum@=\count96
\DOTSCASE@=\count97
LaTeX Info: Redefining \ldots on input line 378.
LaTeX Info: Redefining \dots on input line 381.
LaTeX Info: Redefining \cdots on input line 466.
\Mathstrutbox@=\box26
\strutbox@=\box27
\big@size=\dimen113
LaTeX Font Info:    Redeclaring font encoding OML on input line 566.
LaTeX Font Info:    Redeclaring font encoding OMS on input line 567.
\macc@depth=\count98
\c@MaxMatrixCols=\count99
\dotsspace@=\muskip10
\c@parentequation=\count100
\dspbrk@lvl=\count101
\tag@help=\toks17
\row@=\count102
\column@=\count103
\maxfields@=\count104
\andhelp@=\toks18
\eqnshift@=\dimen114
\alignsep@=\dimen115
\tagshift@=\dimen116
\tagwidth@=\dimen117
\totwidth@=\dimen118
\lineht@=\dimen119
\@envbody=\toks19
\multlinegap=\skip44
\multlinetaggap=\skip45
\mathdisplay@stack=\toks20
LaTeX Info: Redefining \[ on input line 2665.
LaTeX Info: Redefining \] on input line 2666.
)
(/usr/share/texmf/tex/latex/tools/bm.sty
Package: bm 2004/02/26 v1.1c Bold Symbol Support (DPC/FMi)
\symboldoperators=\mathgroup4
\symboldletters=\mathgroup5
\symboldsymbols=\mathgroup6
LaTeX Font Info:    Redeclaring math alphabet \mathbf on input line 138.
LaTeX Info: Redefining \bm on input line 204.
)
(/usr/share/texmf/tex/latex/graphics/graphicx.sty
Package: graphicx 1999/02/16 v1.0f Enhanced LaTeX Graphics (DPC,SPQR)

(/usr/share/texmf/tex/latex/graphics/graphics.sty
Package: graphics 2009/02/05 v1.0o Standard LaTeX Graphics (DPC,SPQR)

(/usr/share/texmf/tex/latex/graphics/trig.sty
Package: trig 1999/03/16 v1.09 sin cos tan (DPC)
)
(/usr/share/texmf/tex/latex/latexconfig/graphics.cfg
File: graphics.cfg 2010/04/23 v1.9 graphics configuration of TeX Live
)
Package graphics Info: Driver file: pdftex.def on input line 91.

(/usr/share/texmf/tex/latex/pdftex-def/pdftex.def
File: pdftex.def 2011/05/27 v0.06d Graphics/color for pdfTeX

(/usr/share/texmf/tex/generic/oberdiek/infwarerr.sty
Package: infwarerr 2010/04/08 v1.3 Providing info/warning/error messages (HO)
)
(/usr/share/texmf/tex/generic/oberdiek/ltxcmds.sty
Package: ltxcmds 2011/11/09 v1.22 LaTeX kernel commands for general use (HO)
)
\Gread@gobject=\count105
))
\Gin@req@height=\dimen120
\Gin@req@width=\dimen121
)
(/usr/share/texmf/tex/latex/caption/caption.sty
Package: caption 2013/05/02 v3.3-89 Customizing captions (AR)

(/usr/share/texmf/tex/latex/caption/caption3.sty
Package: caption3 2013/05/02 v1.6-88 caption3 kernel (AR)
Package caption3 Info: TeX engine: e-TeX on input line 57.
\captionmargin=\dimen122
\captionmargin@=\dimen123
\captionwidth=\dimen124
\caption@tempdima=\dimen125
\caption@indent=\dimen126
\caption@parindent=\dimen127
\caption@hangindent=\dimen128
)
\c@ContinuedFloat=\count106
)
(/usr/share/texmf/tex/latex/caption/subcaption.sty
Package: subcaption 2013/02/03 v1.1-62 Sub-captions (AR)
\c@subfigure=\count107
\c@subtable=\count108
)
(/usr/share/texmf/tex/latex/hyperref/hyperref.sty
Package: hyperref 2012/11/06 v6.83m Hypertext links for LaTeX

(/usr/share/texmf/tex/generic/oberdiek/hobsub-hyperref.sty
Package: hobsub-hyperref 2012/05/28 v1.13 Bundle oberdiek, subset hyperref (HO)


(/usr/share/texmf/tex/generic/oberdiek/hobsub-generic.sty
Package: hobsub-generic 2012/05/28 v1.13 Bundle oberdiek, subset generic (HO)
Package: hobsub 2012/05/28 v1.13 Construct package bundles (HO)
Package hobsub Info: Skipping package `infwarerr' (already loaded).
Package hobsub Info: Skipping package `ltxcmds' (already loaded).
Package: ifluatex 2010/03/01 v1.3 Provides the ifluatex switch (HO)
Package ifluatex Info: LuaTeX not detected.
Package hobsub Info: Skipping package `ifvtex' (already loaded).
Package: intcalc 2007/09/27 v1.1 Expandable calculations with integers (HO)
Package hobsub Info: Skipping package `ifpdf' (already loaded).
Package: etexcmds 2011/02/16 v1.5 Avoid name clashes with e-TeX commands (HO)
Package etexcmds Info: Could not find \expanded.
(etexcmds)             That can mean that you are not using pdfTeX 1.50 or
(etexcmds)             that some package has redefined \expanded.
(etexcmds)             In the latter case, load this package earlier.
Package: kvsetkeys 2012/04/25 v1.16 Key value parser (HO)
Package: kvdefinekeys 2011/04/07 v1.3 Define keys (HO)
Package: pdftexcmds 2011/11/29 v0.20 Utility functions of pdfTeX for LuaTeX (HO
)
Package pdftexcmds Info: LuaTeX not detected.
Package pdftexcmds Info: \pdf@primitive is available.
Package pdftexcmds Info: \pdf@ifprimitive is available.
Package pdftexcmds Info: \pdfdraftmode found.
Package: pdfescape 2011/11/25 v1.13 Implements pdfTeX's escape features (HO)
Package: bigintcalc 2012/04/08 v1.3 Expandable calculations on big integers (HO
)
Package: bitset 2011/01/30 v1.1 Handle bit-vector datatype (HO)
Package: uniquecounter 2011/01/30 v1.2 Provide unlimited unique counter (HO)
)
Package hobsub Info: Skipping package `hobsub' (already loaded).
Package: letltxmacro 2010/09/02 v1.4 Let assignment for LaTeX macros (HO)
Package: hopatch 2012/05/28 v1.2 Wrapper for package hooks (HO)
Package: xcolor-patch 2011/01/30 xcolor patch
Package: atveryend 2011/06/30 v1.8 Hooks at the very end of document (HO)
Package atveryend Info: \enddocument detected (standard20110627).
Package: atbegshi 2011/10/05 v1.16 At begin shipout hook (HO)
Package: refcount 2011/10/16 v3.4 Data extraction from label references (HO)
Package: hycolor 2011/01/30 v1.7 Color options for hyperref/bookmark (HO)
)
(/usr/share/texmf/tex/latex/oberdiek/auxhook.sty
Package: auxhook 2011/03/04 v1.3 Hooks for auxiliary files (HO)
)
(/usr/share/texmf/tex/latex/oberdiek/kvoptions.sty
Package: kvoptions 2011/06/30 v3.11 Key value format for package options (HO)
)
\@linkdim=\dimen129
\Hy@linkcounter=\count109
\Hy@pagecounter=\count110

(/usr/share/texmf/tex/latex/hyperref/pd1enc.def
File: pd1enc.def 2012/11/06 v6.83m Hyperref: PDFDocEncoding definition (HO)
)
\Hy@SavedSpaceFactor=\count111

(/usr/share/texmf/tex/latex/latexconfig/hyperref.cfg
File: hyperref.cfg 2002/06/06 v1.2 hyperref configuration of TeXLive
)
Package hyperref Info: Hyper figures OFF on input line 4443.
Package hyperref Info: Link nesting OFF on input line 4448.
Package hyperref Info: Hyper index ON on input line 4451.
Package hyperref Info: Plain pages OFF on input line 4458.
Package hyperref Info: Backreferencing OFF on input line 4463.
Package hyperref Info: Implicit mode ON; LaTeX internals redefined.
Package hyperref Info: Bookmarks ON on input line 4688.
\c@Hy@tempcnt=\count112

(/usr/share/texmf/tex/latex/url/url.sty
\Urlmuskip=\muskip11
Package: url 2006/04/12  ver 3.3  Verb mode for urls, etc.
)
LaTeX Info: Redefining \url on input line 5041.
\XeTeXLinkMargin=\dimen130
\Fld@menulength=\count113
\Field@Width=\dimen131
\Fld@charsize=\dimen132
Package hyperref Info: Hyper figures OFF on input line 6295.
Package hyperref Info: Link nesting OFF on input line 6300.
Package hyperref Info: Hyper index ON on input line 6303.
Package hyperref Info: backreferencing OFF on input line 6310.
Package hyperref Info: Link coloring OFF on input line 6315.
Package hyperref Info: Link coloring with OCG OFF on input line 6320.
Package hyperref Info: PDF/A mode OFF on input line 6325.
LaTeX Info: Redefining \ref on input line 6365.
LaTeX Info: Redefining \pageref on input line 6369.
\Hy@abspage=\count114
\c@Item=\count115
\c@Hfootnote=\count116
)

Package hyperref Message: Driver (autodetected): hpdftex.

(/usr/share/texmf/tex/latex/hyperref/hpdftex.def
File: hpdftex.def 2012/11/06 v6.83m Hyperref driver for pdfTeX
\Fld@listcount=\count117
\c@bookmark@seq@number=\count118

(/usr/share/texmf/tex/latex/oberdiek/rerunfilecheck.sty
Package: rerunfilecheck 2011/04/15 v1.7 Rerun checks for auxiliary files (HO)
Package uniquecounter Info: New unique counter `rerunfilecheck' on input line 2
82.
)
\Hy@SectionHShift=\skip46
)
(/usr/share/texmf/tex/latex/booktabs/booktabs.sty
Package: booktabs 2005/04/14 v1.61803 publication quality tables
\heavyrulewidth=\dimen133
\lightrulewidth=\dimen134
\cmidrulewidth=\dimen135
\belowrulesep=\dimen136
\belowbottomsep=\dimen137
\aboverulesep=\dimen138
\abovetopsep=\dimen139
\cmidrulesep=\dimen140
\cmidrulekern=\dimen141
\defaultaddspace=\dimen142
\@cmidla=\count119
\@cmidlb=\count120
\@aboverulesep=\dimen143
\@belowrulesep=\dimen144
\@thisruleclass=\count121
\@lastruleclass=\count122
\@thisrulewidth=\dimen145
)
(/usr/share/texmf/tex/latex/cancel/cancel.sty
Package: cancel 2000/03/12 v2.1 Cancel math terms
) (./Comparison_HH_semi_dilep.aux)
\openout1 = `Comparison_HH_semi_dilep.aux'.

LaTeX Font Info:    Checking defaults for OML/cmm/m/it on input line 48.
LaTeX Font Info:    ... okay on input line 48.
LaTeX Font Info:    Checking defaults for T1/cmr/m/n on input line 48.
LaTeX Font Info:    ... okay on input line 48.
LaTeX Font Info:    Checking defaults for OT1/cmr/m/n on input line 48.
LaTeX Font Info:    ... okay on input line 48.
LaTeX Font Info:    Checking defaults for OMS/cmsy/m/n on input line 48.
LaTeX Font Info:    ... okay on input line 48.
LaTeX Font Info:    Checking defaults for OMX/cmex/m/n on input line 48.
LaTeX Font Info:    ... okay on input line 48.
LaTeX Font Info:    Checking defaults for U/cmr/m/n on input line 48.
LaTeX Font Info:    ... okay on input line 48.
LaTeX Font Info:    Checking defaults for PD1/pdf/m/n on input line 48.
LaTeX Font Info:    ... okay on input line 48.
*geometry* driver: auto-detecting
*geometry* detected driver: pdftex
*geometry* verbose mode - [ preamble ] result:
* driver: pdftex
* paper: a4paper
* layout: <same size as paper>
* layoutoffset:(h,v)=(0.0pt,0.0pt)
* modes: 
* h-part:(L,W,R)=(68.28644pt, 460.935pt, 68.28644pt)
* v-part:(T,H,B)=(68.28644pt, 708.47397pt, 68.28644pt)
* \paperwidth=597.50787pt
* \paperheight=845.04684pt
* \textwidth=460.935pt
* \textheight=708.47397pt
* \oddsidemargin=-3.98355pt
* \evensidemargin=-3.98355pt
* \topmargin=-40.98355pt
* \headheight=12.0pt
* \headsep=25.0pt
* \topskip=10.0pt
* \footskip=30.0pt
* \marginparwidth=57.0pt
* \marginparsep=11.0pt
* \columnsep=10.0pt
* \skip\footins=9.0pt plus 4.0pt minus 2.0pt
* \hoffset=0.0pt
* \voffset=0.0pt
* \mag=1000
* \@twocolumnfalse
* \@twosidefalse
* \@mparswitchfalse
* \@reversemarginfalse
* (1in=72.27pt=25.4mm, 1cm=28.453pt)

(/usr/share/texmf/tex/context/base/supp-pdf.mkii
[Loading MPS to PDF converter (version 2006.09.02).]
\scratchcounter=\count123
\scratchdimen=\dimen146
\scratchbox=\box28
\nofMPsegments=\count124
\nofMParguments=\count125
\everyMPshowfont=\toks21
\MPscratchCnt=\count126
\MPscratchDim=\dimen147
\MPnumerator=\count127
\makeMPintoPDFobject=\count128
\everyMPtoPDFconversion=\toks22
) (/usr/share/texmf/tex/latex/oberdiek/epstopdf-base.sty
Package: epstopdf-base 2010/02/09 v2.5 Base part for package epstopdf

(/usr/share/texmf/tex/latex/oberdiek/grfext.sty
Package: grfext 2010/08/19 v1.1 Manage graphics extensions (HO)
)
Package grfext Info: Graphics extension search list:
(grfext)             [.png,.pdf,.jpg,.mps,.jpeg,.jbig2,.jb2,.PNG,.PDF,.JPG,.JPE
G,.JBIG2,.JB2,.eps]
(grfext)             \AppendGraphicsExtensions on input line 452.

(/usr/share/texmf/tex/latex/latexconfig/epstopdf-sys.cfg
File: epstopdf-sys.cfg 2010/07/13 v1.3 Configuration of (r)epstopdf for TeX Liv
e
))
Package caption Info: Begin \AtBeginDocument code.
Package caption Info: hyperref package is loaded.
Package caption Info: End \AtBeginDocument code.
\AtBeginShipoutBox=\box29
Package hyperref Info: Link coloring OFF on input line 48.

(/usr/share/texmf/tex/latex/hyperref/nameref.sty
Package: nameref 2012/10/27 v2.43 Cross-referencing by name of section

(/usr/share/texmf/tex/generic/oberdiek/gettitlestring.sty
Package: gettitlestring 2010/12/03 v1.4 Cleanup title references (HO)
)
\c@section@level=\count129
)
LaTeX Info: Redefining \ref on input line 48.
LaTeX Info: Redefining \pageref on input line 48.
LaTeX Info: Redefining \nameref on input line 48.

(./Comparison_HH_semi_dilep.out) (./Comparison_HH_semi_dilep.out)
\@outlinefile=\write3
\openout3 = `Comparison_HH_semi_dilep.out'.

 [1

{/var/lib/texmf/fonts/map/pdftex/updmap/pdftex.map}] [2] [3]
<figs/Njets20.png, id=99, 798.985pt x 574.145pt>
File: figs/Njets20.png Graphic file (type png)
 <use figs/Njets20.png>
Package pdftex.def Info: figs/Njets20.png used on input line 408.
(pdftex.def)             Requested size: 219.08612pt x 157.43042pt.

<figs/Nbjets30.png, id=100, 798.985pt x 574.145pt>
File: figs/Nbjets30.png Graphic file (type png)
 <use figs/Nbjets30.png>
Package pdftex.def Info: figs/Nbjets30.png used on input line 414.
(pdftex.def)             Requested size: 219.08612pt x 157.43042pt.

<figs/leptonPt.png, id=101, 798.985pt x 574.145pt>
File: figs/leptonPt.png Graphic file (type png)
 <use figs/leptonPt.png>
Package pdftex.def Info: figs/leptonPt.png used on input line 427.
(pdftex.def)             Requested size: 219.08612pt x 157.43042pt.

<figs/MET.png, id=102, 798.985pt x 574.145pt>
File: figs/MET.png Graphic file (type png)
 <use figs/MET.png>
Package pdftex.def Info: figs/MET.png used on input line 433.
(pdftex.def)             Requested size: 219.08612pt x 157.43042pt.

<figs/jet1Pt.png, id=103, 798.985pt x 574.145pt>
File: figs/jet1Pt.png Graphic file (type png)
 <use figs/jet1Pt.png>
Package pdftex.def Info: figs/jet1Pt.png used on input line 487.
(pdftex.def)             Requested size: 219.08612pt x 157.43042pt.

<figs/jet2Pt.png, id=104, 798.985pt x 574.145pt>
File: figs/jet2Pt.png Graphic file (type png)
 <use figs/jet2Pt.png>
Package pdftex.def Info: figs/jet2Pt.png used on input line 493.
(pdftex.def)             Requested size: 219.08612pt x 157.43042pt.

Overfull \hbox (22.76184pt too wide) in paragraph at lines 483--496
[][] 
 []

<figs/bjet1Pt.png, id=105, 798.985pt x 574.145pt>
File: figs/bjet1Pt.png Graphic file (type png)
 <use figs/bjet1Pt.png>
Package pdftex.def Info: figs/bjet1Pt.png used on input line 502.
(pdftex.def)             Requested size: 219.08612pt x 157.43042pt.

<figs/bjet2Pt.png, id=106, 798.985pt x 574.145pt>
File: figs/bjet2Pt.png Graphic file (type png)
 <use figs/bjet2Pt.png>
Package pdftex.def Info: figs/bjet2Pt.png used on input line 508.
(pdftex.def)             Requested size: 219.08612pt x 157.43042pt.

Overfull \hbox (22.76184pt too wide) in paragraph at lines 498--512
[][]
 []


LaTeX Warning: `h' float specifier changed to `ht'.

<figs/Pt_bb.png, id=107, 798.985pt x 574.145pt>
File: figs/Pt_bb.png Graphic file (type png)
 <use figs/Pt_bb.png>
Package pdftex.def Info: figs/Pt_bb.png used on input line 526.
(pdftex.def)             Requested size: 219.08612pt x 157.43042pt.

<figs/Pt_bl.png, id=108, 798.985pt x 574.145pt>
File: figs/Pt_bl.png Graphic file (type png)
 <use figs/Pt_bl.png>
Package pdftex.def Info: figs/Pt_bl.png used on input line 532.
(pdftex.def)             Requested size: 219.08612pt x 157.43042pt.

Overfull \hbox (22.76184pt too wide) in paragraph at lines 522--535
[][] 
 []

<figs/Pt_j1l.png, id=109, 798.985pt x 574.145pt>
File: figs/Pt_j1l.png Graphic file (type png)
 <use figs/Pt_j1l.png>
Package pdftex.def Info: figs/Pt_j1l.png used on input line 541.
(pdftex.def)             Requested size: 219.08612pt x 157.43042pt.

<figs/DeltaPhi_j1lbb.png, id=110, 798.985pt x 574.145pt>
File: figs/DeltaPhi_j1lbb.png Graphic file (type png)

<use figs/DeltaPhi_j1lbb.png>
Package pdftex.def Info: figs/DeltaPhi_j1lbb.png used on input line 547.
(pdftex.def)             Requested size: 219.08612pt x 157.43042pt.

Overfull \hbox (22.76184pt too wide) in paragraph at lines 537--552
[][]
 []


LaTeX Warning: `h' float specifier changed to `ht'.

<figs/DeltaR_j1l.png, id=111, 798.985pt x 574.145pt>
File: figs/DeltaR_j1l.png Graphic file (type png)
 <use figs/DeltaR_j1l.png>
Package pdftex.def Info: figs/DeltaR_j1l.png used on input line 566.
(pdftex.def)             Requested size: 219.08612pt x 157.43042pt.

<figs/DeltaR_j2l.png, id=112, 798.985pt x 574.145pt>
File: figs/DeltaR_j2l.png Graphic file (type png)
 <use figs/DeltaR_j2l.png>
Package pdftex.def Info: figs/DeltaR_j2l.png used on input line 572.
(pdftex.def)             Requested size: 219.08612pt x 157.43042pt.

Overfull \hbox (22.76184pt too wide) in paragraph at lines 562--575
[][] 
 []

<figs/DeltaR_b1l.png, id=113, 798.985pt x 574.145pt>
File: figs/DeltaR_b1l.png Graphic file (type png)
 <use figs/DeltaR_b1l.png>
Package pdftex.def Info: figs/DeltaR_b1l.png used on input line 581.
(pdftex.def)             Requested size: 219.08612pt x 157.43042pt.

<figs/DeltaR_b2l.png, id=114, 798.985pt x 574.145pt>
File: figs/DeltaR_b2l.png Graphic file (type png)
 <use figs/DeltaR_b2l.png>
Package pdftex.def Info: figs/DeltaR_b2l.png used on input line 587.
(pdftex.def)             Requested size: 219.08612pt x 157.43042pt.

Overfull \hbox (22.76184pt too wide) in paragraph at lines 577--592
[][]
 []


LaTeX Warning: `h' float specifier changed to `ht'.

<figs/DeltaR_bb1.png, id=115, 798.985pt x 574.145pt>
File: figs/DeltaR_bb1.png Graphic file (type png)
 <use figs/DeltaR_bb1.png>
Package pdftex.def Info: figs/DeltaR_bb1.png used on input line 606.
(pdftex.def)             Requested size: 219.08612pt x 157.43042pt.

<figs/DeltaR_jj.png, id=116, 798.985pt x 574.145pt>
File: figs/DeltaR_jj.png Graphic file (type png)
 <use figs/DeltaR_jj.png>
Package pdftex.def Info: figs/DeltaR_jj.png used on input line 612.
(pdftex.def)             Requested size: 219.08612pt x 157.43042pt.

Overfull \hbox (22.76184pt too wide) in paragraph at lines 602--615
[][] 
 []

<figs/DeltaR_jjb.png, id=117, 798.985pt x 574.145pt>
File: figs/DeltaR_jjb.png Graphic file (type png)
 <use figs/DeltaR_jjb.png>
Package pdftex.def Info: figs/DeltaR_jjb.png used on input line 621.
(pdftex.def)             Requested size: 219.08612pt x 157.43042pt.

<figs/DeltaR_jjl.png, id=118, 798.985pt x 574.145pt>
File: figs/DeltaR_jjl.png Graphic file (type png)
 <use figs/DeltaR_jjl.png>
Package pdftex.def Info: figs/DeltaR_jjl.png used on input line 627.
(pdftex.def)             Requested size: 219.08612pt x 157.43042pt.

Overfull \hbox (22.76184pt too wide) in paragraph at lines 617--631
[][]
 []


LaTeX Warning: `h' float specifier changed to `ht'.

<figs/M_bb_closest.png, id=119, 798.985pt x 574.145pt>
File: figs/M_bb_closest.png Graphic file (type png)

<use figs/M_bb_closest.png>
Package pdftex.def Info: figs/M_bb_closest.png used on input line 645.
(pdftex.def)             Requested size: 219.08612pt x 157.43042pt.
 <figs/M_jjlnu.png, id=120, 798.985pt x 574.145pt>
File: figs/M_jjlnu.png Graphic file (type png)

<use figs/M_jjlnu.png>
Package pdftex.def Info: figs/M_jjlnu.png used on input line 651.
(pdftex.def)             Requested size: 219.08612pt x 157.43042pt.

Overfull \hbox (22.76184pt too wide) in paragraph at lines 641--654
[][] 
 []

<figs/M_blnu.png, id=121, 798.985pt x 574.145pt>
File: figs/M_blnu.png Graphic file (type png)
 <use figs/M_blnu.png>
Package pdftex.def Info: figs/M_blnu.png used on input line 660.
(pdftex.def)             Requested size: 219.08612pt x 157.43042pt.

<figs/M_jjb.png, id=122, 798.985pt x 574.145pt>
File: figs/M_jjb.png Graphic file (type png)
 <use figs/M_jjb.png>
Package pdftex.def Info: figs/M_jjb.png used on input line 666.
(pdftex.def)             Requested size: 219.08612pt x 157.43042pt.

Overfull \hbox (22.76184pt too wide) in paragraph at lines 656--671
[][]
 []


LaTeX Warning: `h' float specifier changed to `ht'.

<figs/M_bl.png, id=123, 798.985pt x 574.145pt>
File: figs/M_bl.png Graphic file (type png)
 <use figs/M_bl.png>
Package pdftex.def Info: figs/M_bl.png used on input line 686.
(pdftex.def)             Requested size: 219.08612pt x 157.43042pt.

<figs/M_j1l.png, id=124, 798.985pt x 574.145pt>
File: figs/M_j1l.png Graphic file (type png)
 <use figs/M_j1l.png>
Package pdftex.def Info: figs/M_j1l.png used on input line 692.
(pdftex.def)             Requested size: 219.08612pt x 157.43042pt.

Overfull \hbox (22.76184pt too wide) in paragraph at lines 682--695
[][] 
 []

<figs/MT_lnu.png, id=125, 798.985pt x 574.145pt>
File: figs/MT_lnu.png Graphic file (type png)
 <use figs/MT_lnu.png>
Package pdftex.def Info: figs/MT_lnu.png used on input line 707.
(pdftex.def)             Requested size: 219.08612pt x 157.43042pt.

Overfull \hbox (22.76184pt too wide) in paragraph at lines 697--712
[][]
 []


LaTeX Warning: `h' float specifier changed to `ht'.

<figs/BDTBoost1_everything4CleanUp.png, id=127, 798.985pt x 574.145pt>
File: figs/BDTBoost1_everything4CleanUp.png Graphic file (type png)

<use figs/BDTBoost1_everything4CleanUp.png>
Package pdftex.def Info: figs/BDTBoost1_everything4CleanUp.png used on input li
ne 724.
(pdftex.def)             Requested size: 219.08612pt x 157.43042pt.

<figs/BrejvsSeffs_everything4CleanUp_BDTBoost1.png, id=128, 798.985pt x 574.145
pt>
File: figs/BrejvsSeffs_everything4CleanUp_BDTBoost1.png Graphic file (type png)

 <use figs/BrejvsSeffs_everything4CleanUp_BDTBoost1.png>
Package pdftex.def Info: figs/BrejvsSeffs_everything4CleanUp_BDTBoost1.png used
 on input line 730.
(pdftex.def)             Requested size: 219.08612pt x 157.43042pt.


LaTeX Warning: `h' float specifier changed to `ht'.

Package atveryend Info: Empty hook `BeforeClearDocument' on input line 854.
[4 <./figs/Njets20.png> <./figs/Nbjets30.png> <./figs/leptonPt.png> <./figs/MET
.png>] [5 <./figs/jet1Pt.png> <./figs/jet2Pt.png> <./figs/bjet1Pt.png> <./figs/
bjet2Pt.png> <./figs/Pt_bb.png> <./figs/Pt_bl.png> <./figs/Pt_j1l.png> <./figs/
DeltaPhi_j1lbb.png>] [6 <./figs/DeltaR_j1l.png> <./figs/DeltaR_j2l.png> <./figs
/DeltaR_b1l.png> <./figs/DeltaR_b2l.png> <./figs/DeltaR_bb1.png> <./figs/DeltaR
_jj.png> <./figs/DeltaR_jjb.png> <./figs/DeltaR_jjl.png>] [7 <./figs/M_bb_close
st.png> <./figs/M_jjlnu.png> <./figs/M_blnu.png> <./figs/M_jjb.png>] [8 <./figs
/M_bl.png> <./figs/M_j1l.png> <./figs/MT_lnu.png> <./figs/BDTBoost1_everything4
CleanUp.png> <./figs/BrejvsSeffs_everything4CleanUp_BDTBoost1.png>]
Package atveryend Info: Empty hook `AfterLastShipout' on input line 854.

(./Comparison_HH_semi_dilep.aux)
Package atveryend Info: Executing hook `AtVeryEndDocument' on input line 854.
Package atveryend Info: Executing hook `AtEndAfterFileList' on input line 854.
Package rerunfilecheck Info: File `Comparison_HH_semi_dilep.out' has not change
d.
(rerunfilecheck)             Checksum: EF4D62D1093BF251CCBEC8E336793A31;277.
Package atveryend Info: Empty hook `AtVeryVeryEnd' on input line 854.
 ) 
Here is how much of TeX's memory you used:
 7660 strings out of 493315
 114242 string characters out of 6145892
 223361 words of memory out of 5000000
 10961 multiletter control sequences out of 15000+600000
 17246 words of font info for 60 fonts, out of 8000000 for 9000
 957 hyphenation exceptions out of 8191
 36i,19n,41p,760b,435s stack positions out of 5000i,500n,10000p,200000b,80000s
</usr/share/texmf/fonts/type1/public/amsfonts/cm/cmbsy10.pfb></usr/share/texm
f/fonts/type1/public/amsfonts/cm/cmbx10.pfb></usr/share/texmf/fonts/type1/publi
c/amsfonts/cm/cmbx12.pfb></usr/share/texmf/fonts/type1/public/amsfonts/cm/cmcsc
10.pfb></usr/share/texmf/fonts/type1/public/amsfonts/cm/cmex10.pfb></usr/share/
texmf/fonts/type1/public/amsfonts/cm/cmmi10.pfb></usr/share/texmf/fonts/type1/p
ublic/amsfonts/cm/cmmi5.pfb></usr/share/texmf/fonts/type1/public/amsfonts/cm/cm
mi7.pfb></usr/share/texmf/fonts/type1/public/amsfonts/cm/cmmib10.pfb></usr/shar
e/texmf/fonts/type1/public/amsfonts/cm/cmr10.pfb></usr/share/texmf/fonts/type1/
public/amsfonts/cm/cmr12.pfb></usr/share/texmf/fonts/type1/public/amsfonts/cm/c
mr17.pfb></usr/share/texmf/fonts/type1/public/amsfonts/cm/cmr5.pfb></usr/share/
texmf/fonts/type1/public/amsfonts/cm/cmr7.pfb></usr/share/texmf/fonts/type1/pub
lic/amsfonts/cm/cmsy10.pfb></usr/share/texmf/fonts/type1/public/amsfonts/cm/cms
y7.pfb></usr/share/texmf/fonts/type1/public/amsfonts/cm/cmti10.pfb></usr/share/
texmf/fonts/type1/public/amsfonts/cm/cmti7.pfb></usr/share/texmf/fonts/type1/pu
blic/amsfonts/cm/cmtt10.pfb></usr/share/texmf/fonts/type1/public/amsfonts/latxf
ont/line10.pfb>
Output written on Comparison_HH_semi_dilep.pdf (8 pages, 635235 bytes).
PDF statistics:
 240 PDF objects out of 1000 (max. 8388607)
 179 compressed objects within 2 object streams
 39 named destinations out of 1000 (max. 500000)
 186 words of extra memory for PDF output out of 10000 (max. 10000000)

